  stdafx.cpp
  Base64Helper.cpp
c:\dev\lmdbwindows\include\base64helper.h(11): warning C4251: 'Base64Helper::base64_chars': class 'std::basic_string<char,std::char_traits<char>,std::allocator<char>>' needs to have dll-interface to be used by clients of class 'Base64Helper'
  c:\program files (x86)\microsoft visual studio\2017\enterprise\vc\tools\msvc\14.16.27023\include\xstring(4373): note: see declaration of 'std::basic_string<char,std::char_traits<char>,std::allocator<char>>'
c:\dev\lmdbwindows\mysharedstuff\base64helper.cpp(78): warning C4267: '=': conversion from 'size_t' to 'unsigned char', possible loss of data
c:\dev\lmdbwindows\mysharedstuff\base64helper.cpp(95): warning C4267: '=': conversion from 'size_t' to 'unsigned char', possible loss of data
  BasicLogger.cpp
c:\dev\lmdbwindows\include\basiclogger.h(19): warning C4251: 'BasicLogger::_cs': class 'ATL::CCriticalSection' needs to have dll-interface to be used by clients of class 'BasicLogger'
  c:\program files (x86)\microsoft visual studio\2017\enterprise\vc\tools\msvc\14.16.27023\atlmfc\include\atlsync.h(29): note: see declaration of 'ATL::CCriticalSection'
c:\dev\lmdbwindows\mysharedstuff\basiclogger.cpp(22): warning C4996: 'wcscpy': This function or variable may be unsafe. Consider using wcscpy_s instead. To disable deprecation, use _CRT_SECURE_NO_WARNINGS. See online help for details.
  c:\program files (x86)\windows kits\10\include\10.0.17763.0\ucrt\corecrt_wstring.h(123): note: see declaration of 'wcscpy'
c:\dev\lmdbwindows\mysharedstuff\basiclogger.cpp(31): warning C4996: 'wcscpy': This function or variable may be unsafe. Consider using wcscpy_s instead. To disable deprecation, use _CRT_SECURE_NO_WARNINGS. See online help for details.
  c:\program files (x86)\windows kits\10\include\10.0.17763.0\ucrt\corecrt_wstring.h(123): note: see declaration of 'wcscpy'
c:\dev\lmdbwindows\mysharedstuff\basiclogger.cpp(74): warning C4267: 'argument': conversion from 'size_t' to 'DWORD', possible loss of data
c:\dev\lmdbwindows\mysharedstuff\basiclogger.cpp(89): warning C4996: 'wcscpy': This function or variable may be unsafe. Consider using wcscpy_s instead. To disable deprecation, use _CRT_SECURE_NO_WARNINGS. See online help for details.
  c:\program files (x86)\windows kits\10\include\10.0.17763.0\ucrt\corecrt_wstring.h(123): note: see declaration of 'wcscpy'
  Constants.cpp
c:\dev\lmdbwindows\include\constants.h(23): warning C4251: 'Constants::MasterNodePort': class 'std::basic_string<wchar_t,std::char_traits<wchar_t>,std::allocator<wchar_t>>' needs to have dll-interface to be used by clients of class 'Constants'
  c:\program files (x86)\microsoft visual studio\2017\enterprise\vc\tools\msvc\14.16.27023\include\xstring(4374): note: see declaration of 'std::basic_string<wchar_t,std::char_traits<wchar_t>,std::allocator<wchar_t>>'
c:\dev\lmdbwindows\include\constants.h(24): warning C4251: 'Constants::Request': class 'std::basic_string<wchar_t,std::char_traits<wchar_t>,std::allocator<wchar_t>>' needs to have dll-interface to be used by clients of class 'Constants'
  c:\program files (x86)\microsoft visual studio\2017\enterprise\vc\tools\msvc\14.16.27023\include\xstring(4374): note: see declaration of 'std::basic_string<wchar_t,std::char_traits<wchar_t>,std::allocator<wchar_t>>'
c:\dev\lmdbwindows\include\constants.h(25): warning C4251: 'Constants::VerbPing': class 'std::basic_string<wchar_t,std::char_traits<wchar_t>,std::allocator<wchar_t>>' needs to have dll-interface to be used by clients of class 'Constants'
  c:\program files (x86)\microsoft visual studio\2017\enterprise\vc\tools\msvc\14.16.27023\include\xstring(4374): note: see declaration of 'std::basic_string<wchar_t,std::char_traits<wchar_t>,std::allocator<wchar_t>>'
c:\dev\lmdbwindows\include\constants.h(26): warning C4251: 'Constants::VerbGetData': class 'std::basic_string<wchar_t,std::char_traits<wchar_t>,std::allocator<wchar_t>>' needs to have dll-interface to be used by clients of class 'Constants'
  c:\program files (x86)\microsoft visual studio\2017\enterprise\vc\tools\msvc\14.16.27023\include\xstring(4374): note: see declaration of 'std::basic_string<wchar_t,std::char_traits<wchar_t>,std::allocator<wchar_t>>'
c:\dev\lmdbwindows\include\constants.h(27): warning C4251: 'Constants::VerbSetData': class 'std::basic_string<wchar_t,std::char_traits<wchar_t>,std::allocator<wchar_t>>' needs to have dll-interface to be used by clients of class 'Constants'
  c:\program files (x86)\microsoft visual studio\2017\enterprise\vc\tools\msvc\14.16.27023\include\xstring(4374): note: see declaration of 'std::basic_string<wchar_t,std::char_traits<wchar_t>,std::allocator<wchar_t>>'
c:\dev\lmdbwindows\include\constants.h(28): warning C4251: 'Constants::VerbGetDataB64': class 'std::basic_string<wchar_t,std::char_traits<wchar_t>,std::allocator<wchar_t>>' needs to have dll-interface to be used by clients of class 'Constants'
  c:\program files (x86)\microsoft visual studio\2017\enterprise\vc\tools\msvc\14.16.27023\include\xstring(4374): note: see declaration of 'std::basic_string<wchar_t,std::char_traits<wchar_t>,std::allocator<wchar_t>>'
c:\dev\lmdbwindows\include\constants.h(29): warning C4251: 'Constants::VerbSetDataB64': class 'std::basic_string<wchar_t,std::char_traits<wchar_t>,std::allocator<wchar_t>>' needs to have dll-interface to be used by clients of class 'Constants'
  c:\program files (x86)\microsoft visual studio\2017\enterprise\vc\tools\msvc\14.16.27023\include\xstring(4374): note: see declaration of 'std::basic_string<wchar_t,std::char_traits<wchar_t>,std::allocator<wchar_t>>'
c:\dev\lmdbwindows\include\constants.h(30): warning C4251: 'Constants::VerbRegisterNode': class 'std::basic_string<wchar_t,std::char_traits<wchar_t>,std::allocator<wchar_t>>' needs to have dll-interface to be used by clients of class 'Constants'
  c:\program files (x86)\microsoft visual studio\2017\enterprise\vc\tools\msvc\14.16.27023\include\xstring(4374): note: see declaration of 'std::basic_string<wchar_t,std::char_traits<wchar_t>,std::allocator<wchar_t>>'
c:\dev\lmdbwindows\include\constants.h(31): warning C4251: 'Constants::VerbShowNodes': class 'std::basic_string<wchar_t,std::char_traits<wchar_t>,std::allocator<wchar_t>>' needs to have dll-interface to be used by clients of class 'Constants'
  c:\program files (x86)\microsoft visual studio\2017\enterprise\vc\tools\msvc\14.16.27023\include\xstring(4374): note: see declaration of 'std::basic_string<wchar_t,std::char_traits<wchar_t>,std::allocator<wchar_t>>'
c:\dev\lmdbwindows\include\constants.h(32): warning C4251: 'Constants::VerbGetNode': class 'std::basic_string<wchar_t,std::char_traits<wchar_t>,std::allocator<wchar_t>>' needs to have dll-interface to be used by clients of class 'Constants'
  c:\program files (x86)\microsoft visual studio\2017\enterprise\vc\tools\msvc\14.16.27023\include\xstring(4374): note: see declaration of 'std::basic_string<wchar_t,std::char_traits<wchar_t>,std::allocator<wchar_t>>'
c:\dev\lmdbwindows\include\constants.h(33): warning C4251: 'Constants::VerbSetNode': class 'std::basic_string<wchar_t,std::char_traits<wchar_t>,std::allocator<wchar_t>>' needs to have dll-interface to be used by clients of class 'Constants'
  c:\program files (x86)\microsoft visual studio\2017\enterprise\vc\tools\msvc\14.16.27023\include\xstring(4374): note: see declaration of 'std::basic_string<wchar_t,std::char_traits<wchar_t>,std::allocator<wchar_t>>'
c:\dev\lmdbwindows\include\constants.h(34): warning C4251: 'Constants::VerbReleaseNode': class 'std::basic_string<wchar_t,std::char_traits<wchar_t>,std::allocator<wchar_t>>' needs to have dll-interface to be used by clients of class 'Constants'
  c:\program files (x86)\microsoft visual studio\2017\enterprise\vc\tools\msvc\14.16.27023\include\xstring(4374): note: see declaration of 'std::basic_string<wchar_t,std::char_traits<wchar_t>,std::allocator<wchar_t>>'
c:\dev\lmdbwindows\include\constants.h(35): warning C4251: 'Constants::VerbReleaseDB': class 'std::basic_string<wchar_t,std::char_traits<wchar_t>,std::allocator<wchar_t>>' needs to have dll-interface to be used by clients of class 'Constants'
  c:\program files (x86)\microsoft visual studio\2017\enterprise\vc\tools\msvc\14.16.27023\include\xstring(4374): note: see declaration of 'std::basic_string<wchar_t,std::char_traits<wchar_t>,std::allocator<wchar_t>>'
c:\dev\lmdbwindows\include\constants.h(36): warning C4251: 'Constants::LMDBRootPath': class 'std::basic_string<char,std::char_traits<char>,std::allocator<char>>' needs to have dll-interface to be used by clients of class 'Constants'
  c:\program files (x86)\microsoft visual studio\2017\enterprise\vc\tools\msvc\14.16.27023\include\xstring(4373): note: see declaration of 'std::basic_string<char,std::char_traits<char>,std::allocator<char>>'
c:\dev\lmdbwindows\include\constants.h(37): warning C4251: 'Constants::StatusOK': class 'std::basic_string<wchar_t,std::char_traits<wchar_t>,std::allocator<wchar_t>>' needs to have dll-interface to be used by clients of class 'Constants'
  c:\program files (x86)\microsoft visual studio\2017\enterprise\vc\tools\msvc\14.16.27023\include\xstring(4374): note: see declaration of 'std::basic_string<wchar_t,std::char_traits<wchar_t>,std::allocator<wchar_t>>'
c:\dev\lmdbwindows\include\constants.h(38): warning C4251: 'Constants::ModeMasterNode': class 'std::basic_string<wchar_t,std::char_traits<wchar_t>,std::allocator<wchar_t>>' needs to have dll-interface to be used by clients of class 'Constants'
  c:\program files (x86)\microsoft visual studio\2017\enterprise\vc\tools\msvc\14.16.27023\include\xstring(4374): note: see declaration of 'std::basic_string<wchar_t,std::char_traits<wchar_t>,std::allocator<wchar_t>>'
c:\dev\lmdbwindows\include\constants.h(39): warning C4251: 'Constants::ModeWorkerNode': class 'std::basic_string<wchar_t,std::char_traits<wchar_t>,std::allocator<wchar_t>>' needs to have dll-interface to be used by clients of class 'Constants'
  c:\program files (x86)\microsoft visual studio\2017\enterprise\vc\tools\msvc\14.16.27023\include\xstring(4374): note: see declaration of 'std::basic_string<wchar_t,std::char_traits<wchar_t>,std::allocator<wchar_t>>'
  CSWMRGuard.cpp
  dllmain.cpp
  Logger.cpp
c:\dev\lmdbwindows\include\logger.h(19): warning C4251: 'CLogger::_cs': class 'ATL::CCriticalSection' needs to have dll-interface to be used by clients of class 'CLogger'
  c:\program files (x86)\microsoft visual studio\2017\enterprise\vc\tools\msvc\14.16.27023\atlmfc\include\atlsync.h(29): note: see declaration of 'ATL::CCriticalSection'
c:\dev\lmdbwindows\mysharedstuff\logger.cpp(22): warning C4996: 'wcscpy': This function or variable may be unsafe. Consider using wcscpy_s instead. To disable deprecation, use _CRT_SECURE_NO_WARNINGS. See online help for details.
  c:\program files (x86)\windows kits\10\include\10.0.17763.0\ucrt\corecrt_wstring.h(123): note: see declaration of 'wcscpy'
c:\dev\lmdbwindows\mysharedstuff\logger.cpp(31): warning C4996: 'wcscpy': This function or variable may be unsafe. Consider using wcscpy_s instead. To disable deprecation, use _CRT_SECURE_NO_WARNINGS. See online help for details.
  c:\program files (x86)\windows kits\10\include\10.0.17763.0\ucrt\corecrt_wstring.h(123): note: see declaration of 'wcscpy'
c:\dev\lmdbwindows\mysharedstuff\logger.cpp(75): warning C4267: 'argument': conversion from 'size_t' to 'DWORD', possible loss of data
  MySharedStuff.cpp
  ServerHelper.cpp
c:\dev\lmdbwindows\mysharedstuff\serverhelper.cpp(21): warning C4996: 'gethostbyname': Use getaddrinfo() or GetAddrInfoW() instead or define _WINSOCK_DEPRECATED_NO_WARNINGS to disable deprecated API warnings
  c:\program files (x86)\windows kits\10\include\10.0.17763.0\um\winsock2.h(2219): note: see declaration of 'gethostbyname'
c:\dev\lmdbwindows\mysharedstuff\serverhelper.cpp(29): warning C4996: 'inet_ntoa': Use inet_ntop() or InetNtop() instead or define _WINSOCK_DEPRECATED_NO_WARNINGS to disable deprecated API warnings
  c:\program files (x86)\windows kits\10\include\10.0.17763.0\um\winsock2.h(1849): note: see declaration of 'inet_ntoa'
c:\dev\lmdbwindows\mysharedstuff\serverhelper.cpp(30): warning C4996: 'inet_ntoa': Use inet_ntop() or InetNtop() instead or define _WINSOCK_DEPRECATED_NO_WARNINGS to disable deprecated API warnings
  c:\program files (x86)\windows kits\10\include\10.0.17763.0\um\winsock2.h(1849): note: see declaration of 'inet_ntoa'
c:\dev\lmdbwindows\mysharedstuff\serverhelper.cpp(79): warning C4996: 'inet_ntoa': Use inet_ntop() or InetNtop() instead or define _WINSOCK_DEPRECATED_NO_WARNINGS to disable deprecated API warnings
  c:\program files (x86)\windows kits\10\include\10.0.17763.0\um\winsock2.h(1849): note: see declaration of 'inet_ntoa'
c:\dev\lmdbwindows\mysharedstuff\serverhelper.cpp(61): warning C4101: 'ipstringbuffer': unreferenced local variable
c:\dev\lmdbwindows\mysharedstuff\serverhelper.cpp(51): warning C4101: 'iRetval': unreferenced local variable
c:\dev\lmdbwindows\mysharedstuff\serverhelper.cpp(59): warning C4101: 'sockaddr_ip': unreferenced local variable
C:\Program Files (x86)\Microsoft Visual Studio\2017\Enterprise\Common7\IDE\VC\VCTargets\Microsoft.CppBuild.targets(1216,5): warning MSB8012: TargetPath(C:\Dev\LMDBWindows\LMDBWindows\x64\Release\MySharedStuff.dll) does not match the Linker's OutputFile property value (C:\Dev\LMDBWindows\LMDBWindows\x64\Release\MySharedStuff64.dll). This may cause your project to build incorrectly. To correct this, please make sure that $(OutDir), $(TargetName) and $(TargetExt) property values match the value specified in %(Link.OutputFile).
C:\Program Files (x86)\Microsoft Visual Studio\2017\Enterprise\Common7\IDE\VC\VCTargets\Microsoft.CppBuild.targets(1218,5): warning MSB8012: TargetName(MySharedStuff) does not match the Linker's OutputFile property value (MySharedStuff64). This may cause your project to build incorrectly. To correct this, please make sure that $(OutDir), $(TargetName) and $(TargetExt) property values match the value specified in %(Link.OutputFile).
     Creating library C:\Dev\LMDBWindows\LMDBWindows\x64\Release\MySharedStuff64.lib and object C:\Dev\LMDBWindows\LMDBWindows\x64\Release\MySharedStuff64.exp
  Generating code
  All 553 functions were compiled because no usable IPDB/IOBJ from previous compilation was found.
  Finished generating code
  MySharedStuff.vcxproj -> C:\Dev\LMDBWindows\LMDBWindows\x64\Release\MySharedStuff.dll
