  LMDBWrapper_Client.cpp
d:\dev\lmdbwindows\include\constants.h(23): warning C4251: 'Constants::MasterNodePort': class 'std::basic_string<wchar_t,std::char_traits<wchar_t>,std::allocator<wchar_t>>' needs to have dll-interface to be used by clients of class 'Constants'
  c:\program files (x86)\microsoft visual studio\2017\enterprise\vc\tools\msvc\14.16.27023\include\xstring(4374): note: see declaration of 'std::basic_string<wchar_t,std::char_traits<wchar_t>,std::allocator<wchar_t>>'
d:\dev\lmdbwindows\include\constants.h(24): warning C4251: 'Constants::Request': class 'std::basic_string<wchar_t,std::char_traits<wchar_t>,std::allocator<wchar_t>>' needs to have dll-interface to be used by clients of class 'Constants'
  c:\program files (x86)\microsoft visual studio\2017\enterprise\vc\tools\msvc\14.16.27023\include\xstring(4374): note: see declaration of 'std::basic_string<wchar_t,std::char_traits<wchar_t>,std::allocator<wchar_t>>'
d:\dev\lmdbwindows\include\constants.h(25): warning C4251: 'Constants::VerbPing': class 'std::basic_string<wchar_t,std::char_traits<wchar_t>,std::allocator<wchar_t>>' needs to have dll-interface to be used by clients of class 'Constants'
  c:\program files (x86)\microsoft visual studio\2017\enterprise\vc\tools\msvc\14.16.27023\include\xstring(4374): note: see declaration of 'std::basic_string<wchar_t,std::char_traits<wchar_t>,std::allocator<wchar_t>>'
d:\dev\lmdbwindows\include\constants.h(26): warning C4251: 'Constants::VerbGetData': class 'std::basic_string<wchar_t,std::char_traits<wchar_t>,std::allocator<wchar_t>>' needs to have dll-interface to be used by clients of class 'Constants'
  c:\program files (x86)\microsoft visual studio\2017\enterprise\vc\tools\msvc\14.16.27023\include\xstring(4374): note: see declaration of 'std::basic_string<wchar_t,std::char_traits<wchar_t>,std::allocator<wchar_t>>'
d:\dev\lmdbwindows\include\constants.h(27): warning C4251: 'Constants::VerbSetData': class 'std::basic_string<wchar_t,std::char_traits<wchar_t>,std::allocator<wchar_t>>' needs to have dll-interface to be used by clients of class 'Constants'
  c:\program files (x86)\microsoft visual studio\2017\enterprise\vc\tools\msvc\14.16.27023\include\xstring(4374): note: see declaration of 'std::basic_string<wchar_t,std::char_traits<wchar_t>,std::allocator<wchar_t>>'
d:\dev\lmdbwindows\include\constants.h(28): warning C4251: 'Constants::VerbGetDataB64': class 'std::basic_string<wchar_t,std::char_traits<wchar_t>,std::allocator<wchar_t>>' needs to have dll-interface to be used by clients of class 'Constants'
  c:\program files (x86)\microsoft visual studio\2017\enterprise\vc\tools\msvc\14.16.27023\include\xstring(4374): note: see declaration of 'std::basic_string<wchar_t,std::char_traits<wchar_t>,std::allocator<wchar_t>>'
d:\dev\lmdbwindows\include\constants.h(29): warning C4251: 'Constants::VerbSetDataB64': class 'std::basic_string<wchar_t,std::char_traits<wchar_t>,std::allocator<wchar_t>>' needs to have dll-interface to be used by clients of class 'Constants'
  c:\program files (x86)\microsoft visual studio\2017\enterprise\vc\tools\msvc\14.16.27023\include\xstring(4374): note: see declaration of 'std::basic_string<wchar_t,std::char_traits<wchar_t>,std::allocator<wchar_t>>'
d:\dev\lmdbwindows\include\constants.h(30): warning C4251: 'Constants::VerbRegisterNode': class 'std::basic_string<wchar_t,std::char_traits<wchar_t>,std::allocator<wchar_t>>' needs to have dll-interface to be used by clients of class 'Constants'
  c:\program files (x86)\microsoft visual studio\2017\enterprise\vc\tools\msvc\14.16.27023\include\xstring(4374): note: see declaration of 'std::basic_string<wchar_t,std::char_traits<wchar_t>,std::allocator<wchar_t>>'
d:\dev\lmdbwindows\include\constants.h(31): warning C4251: 'Constants::VerbShowNodes': class 'std::basic_string<wchar_t,std::char_traits<wchar_t>,std::allocator<wchar_t>>' needs to have dll-interface to be used by clients of class 'Constants'
  c:\program files (x86)\microsoft visual studio\2017\enterprise\vc\tools\msvc\14.16.27023\include\xstring(4374): note: see declaration of 'std::basic_string<wchar_t,std::char_traits<wchar_t>,std::allocator<wchar_t>>'
d:\dev\lmdbwindows\include\constants.h(32): warning C4251: 'Constants::VerbGetNode': class 'std::basic_string<wchar_t,std::char_traits<wchar_t>,std::allocator<wchar_t>>' needs to have dll-interface to be used by clients of class 'Constants'
  c:\program files (x86)\microsoft visual studio\2017\enterprise\vc\tools\msvc\14.16.27023\include\xstring(4374): note: see declaration of 'std::basic_string<wchar_t,std::char_traits<wchar_t>,std::allocator<wchar_t>>'
d:\dev\lmdbwindows\include\constants.h(33): warning C4251: 'Constants::VerbSetNode': class 'std::basic_string<wchar_t,std::char_traits<wchar_t>,std::allocator<wchar_t>>' needs to have dll-interface to be used by clients of class 'Constants'
  c:\program files (x86)\microsoft visual studio\2017\enterprise\vc\tools\msvc\14.16.27023\include\xstring(4374): note: see declaration of 'std::basic_string<wchar_t,std::char_traits<wchar_t>,std::allocator<wchar_t>>'
d:\dev\lmdbwindows\include\constants.h(34): warning C4251: 'Constants::VerbReleaseNode': class 'std::basic_string<wchar_t,std::char_traits<wchar_t>,std::allocator<wchar_t>>' needs to have dll-interface to be used by clients of class 'Constants'
  c:\program files (x86)\microsoft visual studio\2017\enterprise\vc\tools\msvc\14.16.27023\include\xstring(4374): note: see declaration of 'std::basic_string<wchar_t,std::char_traits<wchar_t>,std::allocator<wchar_t>>'
d:\dev\lmdbwindows\include\constants.h(35): warning C4251: 'Constants::VerbReleaseDB': class 'std::basic_string<wchar_t,std::char_traits<wchar_t>,std::allocator<wchar_t>>' needs to have dll-interface to be used by clients of class 'Constants'
  c:\program files (x86)\microsoft visual studio\2017\enterprise\vc\tools\msvc\14.16.27023\include\xstring(4374): note: see declaration of 'std::basic_string<wchar_t,std::char_traits<wchar_t>,std::allocator<wchar_t>>'
d:\dev\lmdbwindows\include\constants.h(36): warning C4251: 'Constants::LMDBRootPath': class 'std::basic_string<char,std::char_traits<char>,std::allocator<char>>' needs to have dll-interface to be used by clients of class 'Constants'
  c:\program files (x86)\microsoft visual studio\2017\enterprise\vc\tools\msvc\14.16.27023\include\xstring(4373): note: see declaration of 'std::basic_string<char,std::char_traits<char>,std::allocator<char>>'
d:\dev\lmdbwindows\include\constants.h(37): warning C4251: 'Constants::StatusOK': class 'std::basic_string<wchar_t,std::char_traits<wchar_t>,std::allocator<wchar_t>>' needs to have dll-interface to be used by clients of class 'Constants'
  c:\program files (x86)\microsoft visual studio\2017\enterprise\vc\tools\msvc\14.16.27023\include\xstring(4374): note: see declaration of 'std::basic_string<wchar_t,std::char_traits<wchar_t>,std::allocator<wchar_t>>'
d:\dev\lmdbwindows\include\constants.h(38): warning C4251: 'Constants::ModeMasterNode': class 'std::basic_string<wchar_t,std::char_traits<wchar_t>,std::allocator<wchar_t>>' needs to have dll-interface to be used by clients of class 'Constants'
  c:\program files (x86)\microsoft visual studio\2017\enterprise\vc\tools\msvc\14.16.27023\include\xstring(4374): note: see declaration of 'std::basic_string<wchar_t,std::char_traits<wchar_t>,std::allocator<wchar_t>>'
d:\dev\lmdbwindows\include\constants.h(39): warning C4251: 'Constants::ModeWorkerNode': class 'std::basic_string<wchar_t,std::char_traits<wchar_t>,std::allocator<wchar_t>>' needs to have dll-interface to be used by clients of class 'Constants'
  c:\program files (x86)\microsoft visual studio\2017\enterprise\vc\tools\msvc\14.16.27023\include\xstring(4374): note: see declaration of 'std::basic_string<wchar_t,std::char_traits<wchar_t>,std::allocator<wchar_t>>'
d:\dev\lmdbwindows\include\cwrapper.h(197): warning C4101: 'err': unreferenced local variable
d:\dev\lmdbwindows\lmdbwrapper_client\lmdbwrapper_client.cpp(177): warning C4267: 'argument': conversion from 'size_t' to 'DWORD', possible loss of data
d:\dev\lmdbwindows\lmdbwrapper_client\lmdbwrapper_client.cpp(203): warning C4267: 'argument': conversion from 'size_t' to 'DWORD', possible loss of data
d:\dev\lmdbwindows\lmdbwrapper_client\lmdbwrapper_client.cpp(228): warning C4267: 'initializing': conversion from 'size_t' to 'DWORD', possible loss of data
d:\dev\lmdbwindows\lmdbwrapper_client\lmdbwrapper_client.cpp(12): warning C4101: 'values': unreferenced local variable
d:\dev\lmdbwindows\lmdbwrapper_client\lmdbwrapper_client.cpp(10): warning C4101: 'rc': unreferenced local variable
d:\dev\lmdbwindows\lmdbwrapper_client\lmdbwrapper_client.cpp(63): warning C4101: 'err': unreferenced local variable
  Generating code
  1 of 209 functions ( 0.5%) were compiled, the rest were copied from previous compilation.
    0 functions were new in current compilation
    0 functions had inline decision re-evaluated but remain unchanged
  Finished generating code
  LMDBWrapper_Client.vcxproj -> D:\Dev\LMDBWindows\LMDBWindows\x64\Release\LMDBWrapper_Client.exe
