  Main.cpp
d:\dev\lmdbwindows\include\constants.h(23): warning C4251: 'Constants::MasterNodePort': class 'std::basic_string<wchar_t,std::char_traits<wchar_t>,std::allocator<wchar_t>>' needs to have dll-interface to be used by clients of class 'Constants'
  c:\program files (x86)\microsoft visual studio\2017\enterprise\vc\tools\msvc\14.16.27023\include\xstring(4374): note: see declaration of 'std::basic_string<wchar_t,std::char_traits<wchar_t>,std::allocator<wchar_t>>'
d:\dev\lmdbwindows\include\constants.h(24): warning C4251: 'Constants::Request': class 'std::basic_string<wchar_t,std::char_traits<wchar_t>,std::allocator<wchar_t>>' needs to have dll-interface to be used by clients of class 'Constants'
  c:\program files (x86)\microsoft visual studio\2017\enterprise\vc\tools\msvc\14.16.27023\include\xstring(4374): note: see declaration of 'std::basic_string<wchar_t,std::char_traits<wchar_t>,std::allocator<wchar_t>>'
d:\dev\lmdbwindows\include\constants.h(25): warning C4251: 'Constants::VerbPing': class 'std::basic_string<wchar_t,std::char_traits<wchar_t>,std::allocator<wchar_t>>' needs to have dll-interface to be used by clients of class 'Constants'
  c:\program files (x86)\microsoft visual studio\2017\enterprise\vc\tools\msvc\14.16.27023\include\xstring(4374): note: see declaration of 'std::basic_string<wchar_t,std::char_traits<wchar_t>,std::allocator<wchar_t>>'
d:\dev\lmdbwindows\include\constants.h(26): warning C4251: 'Constants::VerbGetData': class 'std::basic_string<wchar_t,std::char_traits<wchar_t>,std::allocator<wchar_t>>' needs to have dll-interface to be used by clients of class 'Constants'
  c:\program files (x86)\microsoft visual studio\2017\enterprise\vc\tools\msvc\14.16.27023\include\xstring(4374): note: see declaration of 'std::basic_string<wchar_t,std::char_traits<wchar_t>,std::allocator<wchar_t>>'
d:\dev\lmdbwindows\include\constants.h(27): warning C4251: 'Constants::VerbSetData': class 'std::basic_string<wchar_t,std::char_traits<wchar_t>,std::allocator<wchar_t>>' needs to have dll-interface to be used by clients of class 'Constants'
  c:\program files (x86)\microsoft visual studio\2017\enterprise\vc\tools\msvc\14.16.27023\include\xstring(4374): note: see declaration of 'std::basic_string<wchar_t,std::char_traits<wchar_t>,std::allocator<wchar_t>>'
d:\dev\lmdbwindows\include\constants.h(28): warning C4251: 'Constants::VerbGetDataB64': class 'std::basic_string<wchar_t,std::char_traits<wchar_t>,std::allocator<wchar_t>>' needs to have dll-interface to be used by clients of class 'Constants'
  c:\program files (x86)\microsoft visual studio\2017\enterprise\vc\tools\msvc\14.16.27023\include\xstring(4374): note: see declaration of 'std::basic_string<wchar_t,std::char_traits<wchar_t>,std::allocator<wchar_t>>'
d:\dev\lmdbwindows\include\constants.h(29): warning C4251: 'Constants::VerbSetDataB64': class 'std::basic_string<wchar_t,std::char_traits<wchar_t>,std::allocator<wchar_t>>' needs to have dll-interface to be used by clients of class 'Constants'
  c:\program files (x86)\microsoft visual studio\2017\enterprise\vc\tools\msvc\14.16.27023\include\xstring(4374): note: see declaration of 'std::basic_string<wchar_t,std::char_traits<wchar_t>,std::allocator<wchar_t>>'
d:\dev\lmdbwindows\include\constants.h(30): warning C4251: 'Constants::VerbRegisterNode': class 'std::basic_string<wchar_t,std::char_traits<wchar_t>,std::allocator<wchar_t>>' needs to have dll-interface to be used by clients of class 'Constants'
  c:\program files (x86)\microsoft visual studio\2017\enterprise\vc\tools\msvc\14.16.27023\include\xstring(4374): note: see declaration of 'std::basic_string<wchar_t,std::char_traits<wchar_t>,std::allocator<wchar_t>>'
d:\dev\lmdbwindows\include\constants.h(31): warning C4251: 'Constants::VerbShowNodes': class 'std::basic_string<wchar_t,std::char_traits<wchar_t>,std::allocator<wchar_t>>' needs to have dll-interface to be used by clients of class 'Constants'
  c:\program files (x86)\microsoft visual studio\2017\enterprise\vc\tools\msvc\14.16.27023\include\xstring(4374): note: see declaration of 'std::basic_string<wchar_t,std::char_traits<wchar_t>,std::allocator<wchar_t>>'
d:\dev\lmdbwindows\include\constants.h(32): warning C4251: 'Constants::VerbGetNode': class 'std::basic_string<wchar_t,std::char_traits<wchar_t>,std::allocator<wchar_t>>' needs to have dll-interface to be used by clients of class 'Constants'
  c:\program files (x86)\microsoft visual studio\2017\enterprise\vc\tools\msvc\14.16.27023\include\xstring(4374): note: see declaration of 'std::basic_string<wchar_t,std::char_traits<wchar_t>,std::allocator<wchar_t>>'
d:\dev\lmdbwindows\include\constants.h(33): warning C4251: 'Constants::VerbSetNode': class 'std::basic_string<wchar_t,std::char_traits<wchar_t>,std::allocator<wchar_t>>' needs to have dll-interface to be used by clients of class 'Constants'
  c:\program files (x86)\microsoft visual studio\2017\enterprise\vc\tools\msvc\14.16.27023\include\xstring(4374): note: see declaration of 'std::basic_string<wchar_t,std::char_traits<wchar_t>,std::allocator<wchar_t>>'
d:\dev\lmdbwindows\include\constants.h(34): warning C4251: 'Constants::VerbReleaseNode': class 'std::basic_string<wchar_t,std::char_traits<wchar_t>,std::allocator<wchar_t>>' needs to have dll-interface to be used by clients of class 'Constants'
  c:\program files (x86)\microsoft visual studio\2017\enterprise\vc\tools\msvc\14.16.27023\include\xstring(4374): note: see declaration of 'std::basic_string<wchar_t,std::char_traits<wchar_t>,std::allocator<wchar_t>>'
d:\dev\lmdbwindows\include\constants.h(35): warning C4251: 'Constants::VerbReleaseDB': class 'std::basic_string<wchar_t,std::char_traits<wchar_t>,std::allocator<wchar_t>>' needs to have dll-interface to be used by clients of class 'Constants'
  c:\program files (x86)\microsoft visual studio\2017\enterprise\vc\tools\msvc\14.16.27023\include\xstring(4374): note: see declaration of 'std::basic_string<wchar_t,std::char_traits<wchar_t>,std::allocator<wchar_t>>'
d:\dev\lmdbwindows\include\constants.h(36): warning C4251: 'Constants::LMDBRootPath': class 'std::basic_string<char,std::char_traits<char>,std::allocator<char>>' needs to have dll-interface to be used by clients of class 'Constants'
  c:\program files (x86)\microsoft visual studio\2017\enterprise\vc\tools\msvc\14.16.27023\include\xstring(4373): note: see declaration of 'std::basic_string<char,std::char_traits<char>,std::allocator<char>>'
d:\dev\lmdbwindows\include\constants.h(37): warning C4251: 'Constants::StatusOK': class 'std::basic_string<wchar_t,std::char_traits<wchar_t>,std::allocator<wchar_t>>' needs to have dll-interface to be used by clients of class 'Constants'
  c:\program files (x86)\microsoft visual studio\2017\enterprise\vc\tools\msvc\14.16.27023\include\xstring(4374): note: see declaration of 'std::basic_string<wchar_t,std::char_traits<wchar_t>,std::allocator<wchar_t>>'
d:\dev\lmdbwindows\include\constants.h(38): warning C4251: 'Constants::ModeMasterNode': class 'std::basic_string<wchar_t,std::char_traits<wchar_t>,std::allocator<wchar_t>>' needs to have dll-interface to be used by clients of class 'Constants'
  c:\program files (x86)\microsoft visual studio\2017\enterprise\vc\tools\msvc\14.16.27023\include\xstring(4374): note: see declaration of 'std::basic_string<wchar_t,std::char_traits<wchar_t>,std::allocator<wchar_t>>'
d:\dev\lmdbwindows\include\constants.h(39): warning C4251: 'Constants::ModeWorkerNode': class 'std::basic_string<wchar_t,std::char_traits<wchar_t>,std::allocator<wchar_t>>' needs to have dll-interface to be used by clients of class 'Constants'
  c:\program files (x86)\microsoft visual studio\2017\enterprise\vc\tools\msvc\14.16.27023\include\xstring(4374): note: see declaration of 'std::basic_string<wchar_t,std::char_traits<wchar_t>,std::allocator<wchar_t>>'
d:\dev\lmdbwindows\include\cwrapper.h(197): warning C4101: 'err': unreferenced local variable
d:\dev\lmdbwindows\include\logger.h(19): warning C4251: 'CLogger::_cs': class 'ATL::CCriticalSection' needs to have dll-interface to be used by clients of class 'CLogger'
  c:\program files (x86)\microsoft visual studio\2017\enterprise\vc\tools\msvc\14.16.27023\atlmfc\include\atlsync.h(29): note: see declaration of 'ATL::CCriticalSection'
d:\dev\lmdbwindows\include\basiclogger.h(19): warning C4251: 'BasicLogger::_cs': class 'ATL::CCriticalSection' needs to have dll-interface to be used by clients of class 'BasicLogger'
  c:\program files (x86)\microsoft visual studio\2017\enterprise\vc\tools\msvc\14.16.27023\atlmfc\include\atlsync.h(29): note: see declaration of 'ATL::CCriticalSection'
  MyServer.cpp
d:\dev\lmdbwindows\include\constants.h(23): warning C4251: 'Constants::MasterNodePort': class 'std::basic_string<wchar_t,std::char_traits<wchar_t>,std::allocator<wchar_t>>' needs to have dll-interface to be used by clients of class 'Constants'
  c:\program files (x86)\microsoft visual studio\2017\enterprise\vc\tools\msvc\14.16.27023\include\xstring(4374): note: see declaration of 'std::basic_string<wchar_t,std::char_traits<wchar_t>,std::allocator<wchar_t>>'
d:\dev\lmdbwindows\include\constants.h(24): warning C4251: 'Constants::Request': class 'std::basic_string<wchar_t,std::char_traits<wchar_t>,std::allocator<wchar_t>>' needs to have dll-interface to be used by clients of class 'Constants'
  c:\program files (x86)\microsoft visual studio\2017\enterprise\vc\tools\msvc\14.16.27023\include\xstring(4374): note: see declaration of 'std::basic_string<wchar_t,std::char_traits<wchar_t>,std::allocator<wchar_t>>'
d:\dev\lmdbwindows\include\constants.h(25): warning C4251: 'Constants::VerbPing': class 'std::basic_string<wchar_t,std::char_traits<wchar_t>,std::allocator<wchar_t>>' needs to have dll-interface to be used by clients of class 'Constants'
  c:\program files (x86)\microsoft visual studio\2017\enterprise\vc\tools\msvc\14.16.27023\include\xstring(4374): note: see declaration of 'std::basic_string<wchar_t,std::char_traits<wchar_t>,std::allocator<wchar_t>>'
d:\dev\lmdbwindows\include\constants.h(26): warning C4251: 'Constants::VerbGetData': class 'std::basic_string<wchar_t,std::char_traits<wchar_t>,std::allocator<wchar_t>>' needs to have dll-interface to be used by clients of class 'Constants'
  c:\program files (x86)\microsoft visual studio\2017\enterprise\vc\tools\msvc\14.16.27023\include\xstring(4374): note: see declaration of 'std::basic_string<wchar_t,std::char_traits<wchar_t>,std::allocator<wchar_t>>'
d:\dev\lmdbwindows\include\constants.h(27): warning C4251: 'Constants::VerbSetData': class 'std::basic_string<wchar_t,std::char_traits<wchar_t>,std::allocator<wchar_t>>' needs to have dll-interface to be used by clients of class 'Constants'
  c:\program files (x86)\microsoft visual studio\2017\enterprise\vc\tools\msvc\14.16.27023\include\xstring(4374): note: see declaration of 'std::basic_string<wchar_t,std::char_traits<wchar_t>,std::allocator<wchar_t>>'
d:\dev\lmdbwindows\include\constants.h(28): warning C4251: 'Constants::VerbGetDataB64': class 'std::basic_string<wchar_t,std::char_traits<wchar_t>,std::allocator<wchar_t>>' needs to have dll-interface to be used by clients of class 'Constants'
  c:\program files (x86)\microsoft visual studio\2017\enterprise\vc\tools\msvc\14.16.27023\include\xstring(4374): note: see declaration of 'std::basic_string<wchar_t,std::char_traits<wchar_t>,std::allocator<wchar_t>>'
d:\dev\lmdbwindows\include\constants.h(29): warning C4251: 'Constants::VerbSetDataB64': class 'std::basic_string<wchar_t,std::char_traits<wchar_t>,std::allocator<wchar_t>>' needs to have dll-interface to be used by clients of class 'Constants'
  c:\program files (x86)\microsoft visual studio\2017\enterprise\vc\tools\msvc\14.16.27023\include\xstring(4374): note: see declaration of 'std::basic_string<wchar_t,std::char_traits<wchar_t>,std::allocator<wchar_t>>'
d:\dev\lmdbwindows\include\constants.h(30): warning C4251: 'Constants::VerbRegisterNode': class 'std::basic_string<wchar_t,std::char_traits<wchar_t>,std::allocator<wchar_t>>' needs to have dll-interface to be used by clients of class 'Constants'
  c:\program files (x86)\microsoft visual studio\2017\enterprise\vc\tools\msvc\14.16.27023\include\xstring(4374): note: see declaration of 'std::basic_string<wchar_t,std::char_traits<wchar_t>,std::allocator<wchar_t>>'
d:\dev\lmdbwindows\include\constants.h(31): warning C4251: 'Constants::VerbShowNodes': class 'std::basic_string<wchar_t,std::char_traits<wchar_t>,std::allocator<wchar_t>>' needs to have dll-interface to be used by clients of class 'Constants'
  c:\program files (x86)\microsoft visual studio\2017\enterprise\vc\tools\msvc\14.16.27023\include\xstring(4374): note: see declaration of 'std::basic_string<wchar_t,std::char_traits<wchar_t>,std::allocator<wchar_t>>'
d:\dev\lmdbwindows\include\constants.h(32): warning C4251: 'Constants::VerbGetNode': class 'std::basic_string<wchar_t,std::char_traits<wchar_t>,std::allocator<wchar_t>>' needs to have dll-interface to be used by clients of class 'Constants'
  c:\program files (x86)\microsoft visual studio\2017\enterprise\vc\tools\msvc\14.16.27023\include\xstring(4374): note: see declaration of 'std::basic_string<wchar_t,std::char_traits<wchar_t>,std::allocator<wchar_t>>'
d:\dev\lmdbwindows\include\constants.h(33): warning C4251: 'Constants::VerbSetNode': class 'std::basic_string<wchar_t,std::char_traits<wchar_t>,std::allocator<wchar_t>>' needs to have dll-interface to be used by clients of class 'Constants'
  c:\program files (x86)\microsoft visual studio\2017\enterprise\vc\tools\msvc\14.16.27023\include\xstring(4374): note: see declaration of 'std::basic_string<wchar_t,std::char_traits<wchar_t>,std::allocator<wchar_t>>'
d:\dev\lmdbwindows\include\constants.h(34): warning C4251: 'Constants::VerbReleaseNode': class 'std::basic_string<wchar_t,std::char_traits<wchar_t>,std::allocator<wchar_t>>' needs to have dll-interface to be used by clients of class 'Constants'
  c:\program files (x86)\microsoft visual studio\2017\enterprise\vc\tools\msvc\14.16.27023\include\xstring(4374): note: see declaration of 'std::basic_string<wchar_t,std::char_traits<wchar_t>,std::allocator<wchar_t>>'
d:\dev\lmdbwindows\include\constants.h(35): warning C4251: 'Constants::VerbReleaseDB': class 'std::basic_string<wchar_t,std::char_traits<wchar_t>,std::allocator<wchar_t>>' needs to have dll-interface to be used by clients of class 'Constants'
  c:\program files (x86)\microsoft visual studio\2017\enterprise\vc\tools\msvc\14.16.27023\include\xstring(4374): note: see declaration of 'std::basic_string<wchar_t,std::char_traits<wchar_t>,std::allocator<wchar_t>>'
d:\dev\lmdbwindows\include\constants.h(36): warning C4251: 'Constants::LMDBRootPath': class 'std::basic_string<char,std::char_traits<char>,std::allocator<char>>' needs to have dll-interface to be used by clients of class 'Constants'
  c:\program files (x86)\microsoft visual studio\2017\enterprise\vc\tools\msvc\14.16.27023\include\xstring(4373): note: see declaration of 'std::basic_string<char,std::char_traits<char>,std::allocator<char>>'
d:\dev\lmdbwindows\include\constants.h(37): warning C4251: 'Constants::StatusOK': class 'std::basic_string<wchar_t,std::char_traits<wchar_t>,std::allocator<wchar_t>>' needs to have dll-interface to be used by clients of class 'Constants'
  c:\program files (x86)\microsoft visual studio\2017\enterprise\vc\tools\msvc\14.16.27023\include\xstring(4374): note: see declaration of 'std::basic_string<wchar_t,std::char_traits<wchar_t>,std::allocator<wchar_t>>'
d:\dev\lmdbwindows\include\constants.h(38): warning C4251: 'Constants::ModeMasterNode': class 'std::basic_string<wchar_t,std::char_traits<wchar_t>,std::allocator<wchar_t>>' needs to have dll-interface to be used by clients of class 'Constants'
  c:\program files (x86)\microsoft visual studio\2017\enterprise\vc\tools\msvc\14.16.27023\include\xstring(4374): note: see declaration of 'std::basic_string<wchar_t,std::char_traits<wchar_t>,std::allocator<wchar_t>>'
d:\dev\lmdbwindows\include\constants.h(39): warning C4251: 'Constants::ModeWorkerNode': class 'std::basic_string<wchar_t,std::char_traits<wchar_t>,std::allocator<wchar_t>>' needs to have dll-interface to be used by clients of class 'Constants'
  c:\program files (x86)\microsoft visual studio\2017\enterprise\vc\tools\msvc\14.16.27023\include\xstring(4374): note: see declaration of 'std::basic_string<wchar_t,std::char_traits<wchar_t>,std::allocator<wchar_t>>'
d:\dev\lmdbwindows\include\cwrapper.h(197): warning C4101: 'err': unreferenced local variable
d:\dev\lmdbwindows\include\logger.h(19): warning C4251: 'CLogger::_cs': class 'ATL::CCriticalSection' needs to have dll-interface to be used by clients of class 'CLogger'
  c:\program files (x86)\microsoft visual studio\2017\enterprise\vc\tools\msvc\14.16.27023\atlmfc\include\atlsync.h(29): note: see declaration of 'ATL::CCriticalSection'
d:\dev\lmdbwindows\include\basiclogger.h(19): warning C4251: 'BasicLogger::_cs': class 'ATL::CCriticalSection' needs to have dll-interface to be used by clients of class 'BasicLogger'
  c:\program files (x86)\microsoft visual studio\2017\enterprise\vc\tools\msvc\14.16.27023\atlmfc\include\atlsync.h(29): note: see declaration of 'ATL::CCriticalSection'
  MyServerHelper.cpp
d:\dev\lmdbwindows\include\constants.h(23): warning C4251: 'Constants::MasterNodePort': class 'std::basic_string<wchar_t,std::char_traits<wchar_t>,std::allocator<wchar_t>>' needs to have dll-interface to be used by clients of class 'Constants'
  c:\program files (x86)\microsoft visual studio\2017\enterprise\vc\tools\msvc\14.16.27023\include\xstring(4374): note: see declaration of 'std::basic_string<wchar_t,std::char_traits<wchar_t>,std::allocator<wchar_t>>'
d:\dev\lmdbwindows\include\constants.h(24): warning C4251: 'Constants::Request': class 'std::basic_string<wchar_t,std::char_traits<wchar_t>,std::allocator<wchar_t>>' needs to have dll-interface to be used by clients of class 'Constants'
  c:\program files (x86)\microsoft visual studio\2017\enterprise\vc\tools\msvc\14.16.27023\include\xstring(4374): note: see declaration of 'std::basic_string<wchar_t,std::char_traits<wchar_t>,std::allocator<wchar_t>>'
d:\dev\lmdbwindows\include\constants.h(25): warning C4251: 'Constants::VerbPing': class 'std::basic_string<wchar_t,std::char_traits<wchar_t>,std::allocator<wchar_t>>' needs to have dll-interface to be used by clients of class 'Constants'
  c:\program files (x86)\microsoft visual studio\2017\enterprise\vc\tools\msvc\14.16.27023\include\xstring(4374): note: see declaration of 'std::basic_string<wchar_t,std::char_traits<wchar_t>,std::allocator<wchar_t>>'
d:\dev\lmdbwindows\include\constants.h(26): warning C4251: 'Constants::VerbGetData': class 'std::basic_string<wchar_t,std::char_traits<wchar_t>,std::allocator<wchar_t>>' needs to have dll-interface to be used by clients of class 'Constants'
  c:\program files (x86)\microsoft visual studio\2017\enterprise\vc\tools\msvc\14.16.27023\include\xstring(4374): note: see declaration of 'std::basic_string<wchar_t,std::char_traits<wchar_t>,std::allocator<wchar_t>>'
d:\dev\lmdbwindows\include\constants.h(27): warning C4251: 'Constants::VerbSetData': class 'std::basic_string<wchar_t,std::char_traits<wchar_t>,std::allocator<wchar_t>>' needs to have dll-interface to be used by clients of class 'Constants'
  c:\program files (x86)\microsoft visual studio\2017\enterprise\vc\tools\msvc\14.16.27023\include\xstring(4374): note: see declaration of 'std::basic_string<wchar_t,std::char_traits<wchar_t>,std::allocator<wchar_t>>'
d:\dev\lmdbwindows\include\constants.h(28): warning C4251: 'Constants::VerbGetDataB64': class 'std::basic_string<wchar_t,std::char_traits<wchar_t>,std::allocator<wchar_t>>' needs to have dll-interface to be used by clients of class 'Constants'
  c:\program files (x86)\microsoft visual studio\2017\enterprise\vc\tools\msvc\14.16.27023\include\xstring(4374): note: see declaration of 'std::basic_string<wchar_t,std::char_traits<wchar_t>,std::allocator<wchar_t>>'
d:\dev\lmdbwindows\include\constants.h(29): warning C4251: 'Constants::VerbSetDataB64': class 'std::basic_string<wchar_t,std::char_traits<wchar_t>,std::allocator<wchar_t>>' needs to have dll-interface to be used by clients of class 'Constants'
  c:\program files (x86)\microsoft visual studio\2017\enterprise\vc\tools\msvc\14.16.27023\include\xstring(4374): note: see declaration of 'std::basic_string<wchar_t,std::char_traits<wchar_t>,std::allocator<wchar_t>>'
d:\dev\lmdbwindows\include\constants.h(30): warning C4251: 'Constants::VerbRegisterNode': class 'std::basic_string<wchar_t,std::char_traits<wchar_t>,std::allocator<wchar_t>>' needs to have dll-interface to be used by clients of class 'Constants'
  c:\program files (x86)\microsoft visual studio\2017\enterprise\vc\tools\msvc\14.16.27023\include\xstring(4374): note: see declaration of 'std::basic_string<wchar_t,std::char_traits<wchar_t>,std::allocator<wchar_t>>'
d:\dev\lmdbwindows\include\constants.h(31): warning C4251: 'Constants::VerbShowNodes': class 'std::basic_string<wchar_t,std::char_traits<wchar_t>,std::allocator<wchar_t>>' needs to have dll-interface to be used by clients of class 'Constants'
  c:\program files (x86)\microsoft visual studio\2017\enterprise\vc\tools\msvc\14.16.27023\include\xstring(4374): note: see declaration of 'std::basic_string<wchar_t,std::char_traits<wchar_t>,std::allocator<wchar_t>>'
d:\dev\lmdbwindows\include\constants.h(32): warning C4251: 'Constants::VerbGetNode': class 'std::basic_string<wchar_t,std::char_traits<wchar_t>,std::allocator<wchar_t>>' needs to have dll-interface to be used by clients of class 'Constants'
  c:\program files (x86)\microsoft visual studio\2017\enterprise\vc\tools\msvc\14.16.27023\include\xstring(4374): note: see declaration of 'std::basic_string<wchar_t,std::char_traits<wchar_t>,std::allocator<wchar_t>>'
d:\dev\lmdbwindows\include\constants.h(33): warning C4251: 'Constants::VerbSetNode': class 'std::basic_string<wchar_t,std::char_traits<wchar_t>,std::allocator<wchar_t>>' needs to have dll-interface to be used by clients of class 'Constants'
  c:\program files (x86)\microsoft visual studio\2017\enterprise\vc\tools\msvc\14.16.27023\include\xstring(4374): note: see declaration of 'std::basic_string<wchar_t,std::char_traits<wchar_t>,std::allocator<wchar_t>>'
d:\dev\lmdbwindows\include\constants.h(34): warning C4251: 'Constants::VerbReleaseNode': class 'std::basic_string<wchar_t,std::char_traits<wchar_t>,std::allocator<wchar_t>>' needs to have dll-interface to be used by clients of class 'Constants'
  c:\program files (x86)\microsoft visual studio\2017\enterprise\vc\tools\msvc\14.16.27023\include\xstring(4374): note: see declaration of 'std::basic_string<wchar_t,std::char_traits<wchar_t>,std::allocator<wchar_t>>'
d:\dev\lmdbwindows\include\constants.h(35): warning C4251: 'Constants::VerbReleaseDB': class 'std::basic_string<wchar_t,std::char_traits<wchar_t>,std::allocator<wchar_t>>' needs to have dll-interface to be used by clients of class 'Constants'
  c:\program files (x86)\microsoft visual studio\2017\enterprise\vc\tools\msvc\14.16.27023\include\xstring(4374): note: see declaration of 'std::basic_string<wchar_t,std::char_traits<wchar_t>,std::allocator<wchar_t>>'
d:\dev\lmdbwindows\include\constants.h(36): warning C4251: 'Constants::LMDBRootPath': class 'std::basic_string<char,std::char_traits<char>,std::allocator<char>>' needs to have dll-interface to be used by clients of class 'Constants'
  c:\program files (x86)\microsoft visual studio\2017\enterprise\vc\tools\msvc\14.16.27023\include\xstring(4373): note: see declaration of 'std::basic_string<char,std::char_traits<char>,std::allocator<char>>'
d:\dev\lmdbwindows\include\constants.h(37): warning C4251: 'Constants::StatusOK': class 'std::basic_string<wchar_t,std::char_traits<wchar_t>,std::allocator<wchar_t>>' needs to have dll-interface to be used by clients of class 'Constants'
  c:\program files (x86)\microsoft visual studio\2017\enterprise\vc\tools\msvc\14.16.27023\include\xstring(4374): note: see declaration of 'std::basic_string<wchar_t,std::char_traits<wchar_t>,std::allocator<wchar_t>>'
d:\dev\lmdbwindows\include\constants.h(38): warning C4251: 'Constants::ModeMasterNode': class 'std::basic_string<wchar_t,std::char_traits<wchar_t>,std::allocator<wchar_t>>' needs to have dll-interface to be used by clients of class 'Constants'
  c:\program files (x86)\microsoft visual studio\2017\enterprise\vc\tools\msvc\14.16.27023\include\xstring(4374): note: see declaration of 'std::basic_string<wchar_t,std::char_traits<wchar_t>,std::allocator<wchar_t>>'
d:\dev\lmdbwindows\include\constants.h(39): warning C4251: 'Constants::ModeWorkerNode': class 'std::basic_string<wchar_t,std::char_traits<wchar_t>,std::allocator<wchar_t>>' needs to have dll-interface to be used by clients of class 'Constants'
  c:\program files (x86)\microsoft visual studio\2017\enterprise\vc\tools\msvc\14.16.27023\include\xstring(4374): note: see declaration of 'std::basic_string<wchar_t,std::char_traits<wchar_t>,std::allocator<wchar_t>>'
d:\dev\lmdbwindows\include\cwrapper.h(197): warning C4101: 'err': unreferenced local variable
d:\dev\lmdbwindows\include\logger.h(19): warning C4251: 'CLogger::_cs': class 'ATL::CCriticalSection' needs to have dll-interface to be used by clients of class 'CLogger'
  c:\program files (x86)\microsoft visual studio\2017\enterprise\vc\tools\msvc\14.16.27023\atlmfc\include\atlsync.h(29): note: see declaration of 'ATL::CCriticalSection'
d:\dev\lmdbwindows\include\basiclogger.h(19): warning C4251: 'BasicLogger::_cs': class 'ATL::CCriticalSection' needs to have dll-interface to be used by clients of class 'BasicLogger'
  c:\program files (x86)\microsoft visual studio\2017\enterprise\vc\tools\msvc\14.16.27023\atlmfc\include\atlsync.h(29): note: see declaration of 'ATL::CCriticalSection'
  WorkerNodeAttributes.cpp
d:\dev\lmdbwindows\include\constants.h(23): warning C4251: 'Constants::MasterNodePort': class 'std::basic_string<wchar_t,std::char_traits<wchar_t>,std::allocator<wchar_t>>' needs to have dll-interface to be used by clients of class 'Constants'
  c:\program files (x86)\microsoft visual studio\2017\enterprise\vc\tools\msvc\14.16.27023\include\xstring(4374): note: see declaration of 'std::basic_string<wchar_t,std::char_traits<wchar_t>,std::allocator<wchar_t>>'
d:\dev\lmdbwindows\include\constants.h(24): warning C4251: 'Constants::Request': class 'std::basic_string<wchar_t,std::char_traits<wchar_t>,std::allocator<wchar_t>>' needs to have dll-interface to be used by clients of class 'Constants'
  c:\program files (x86)\microsoft visual studio\2017\enterprise\vc\tools\msvc\14.16.27023\include\xstring(4374): note: see declaration of 'std::basic_string<wchar_t,std::char_traits<wchar_t>,std::allocator<wchar_t>>'
d:\dev\lmdbwindows\include\constants.h(25): warning C4251: 'Constants::VerbPing': class 'std::basic_string<wchar_t,std::char_traits<wchar_t>,std::allocator<wchar_t>>' needs to have dll-interface to be used by clients of class 'Constants'
  c:\program files (x86)\microsoft visual studio\2017\enterprise\vc\tools\msvc\14.16.27023\include\xstring(4374): note: see declaration of 'std::basic_string<wchar_t,std::char_traits<wchar_t>,std::allocator<wchar_t>>'
d:\dev\lmdbwindows\include\constants.h(26): warning C4251: 'Constants::VerbGetData': class 'std::basic_string<wchar_t,std::char_traits<wchar_t>,std::allocator<wchar_t>>' needs to have dll-interface to be used by clients of class 'Constants'
  c:\program files (x86)\microsoft visual studio\2017\enterprise\vc\tools\msvc\14.16.27023\include\xstring(4374): note: see declaration of 'std::basic_string<wchar_t,std::char_traits<wchar_t>,std::allocator<wchar_t>>'
d:\dev\lmdbwindows\include\constants.h(27): warning C4251: 'Constants::VerbSetData': class 'std::basic_string<wchar_t,std::char_traits<wchar_t>,std::allocator<wchar_t>>' needs to have dll-interface to be used by clients of class 'Constants'
  c:\program files (x86)\microsoft visual studio\2017\enterprise\vc\tools\msvc\14.16.27023\include\xstring(4374): note: see declaration of 'std::basic_string<wchar_t,std::char_traits<wchar_t>,std::allocator<wchar_t>>'
d:\dev\lmdbwindows\include\constants.h(28): warning C4251: 'Constants::VerbGetDataB64': class 'std::basic_string<wchar_t,std::char_traits<wchar_t>,std::allocator<wchar_t>>' needs to have dll-interface to be used by clients of class 'Constants'
  c:\program files (x86)\microsoft visual studio\2017\enterprise\vc\tools\msvc\14.16.27023\include\xstring(4374): note: see declaration of 'std::basic_string<wchar_t,std::char_traits<wchar_t>,std::allocator<wchar_t>>'
d:\dev\lmdbwindows\include\constants.h(29): warning C4251: 'Constants::VerbSetDataB64': class 'std::basic_string<wchar_t,std::char_traits<wchar_t>,std::allocator<wchar_t>>' needs to have dll-interface to be used by clients of class 'Constants'
  c:\program files (x86)\microsoft visual studio\2017\enterprise\vc\tools\msvc\14.16.27023\include\xstring(4374): note: see declaration of 'std::basic_string<wchar_t,std::char_traits<wchar_t>,std::allocator<wchar_t>>'
d:\dev\lmdbwindows\include\constants.h(30): warning C4251: 'Constants::VerbRegisterNode': class 'std::basic_string<wchar_t,std::char_traits<wchar_t>,std::allocator<wchar_t>>' needs to have dll-interface to be used by clients of class 'Constants'
  c:\program files (x86)\microsoft visual studio\2017\enterprise\vc\tools\msvc\14.16.27023\include\xstring(4374): note: see declaration of 'std::basic_string<wchar_t,std::char_traits<wchar_t>,std::allocator<wchar_t>>'
d:\dev\lmdbwindows\include\constants.h(31): warning C4251: 'Constants::VerbShowNodes': class 'std::basic_string<wchar_t,std::char_traits<wchar_t>,std::allocator<wchar_t>>' needs to have dll-interface to be used by clients of class 'Constants'
  c:\program files (x86)\microsoft visual studio\2017\enterprise\vc\tools\msvc\14.16.27023\include\xstring(4374): note: see declaration of 'std::basic_string<wchar_t,std::char_traits<wchar_t>,std::allocator<wchar_t>>'
d:\dev\lmdbwindows\include\constants.h(32): warning C4251: 'Constants::VerbGetNode': class 'std::basic_string<wchar_t,std::char_traits<wchar_t>,std::allocator<wchar_t>>' needs to have dll-interface to be used by clients of class 'Constants'
  c:\program files (x86)\microsoft visual studio\2017\enterprise\vc\tools\msvc\14.16.27023\include\xstring(4374): note: see declaration of 'std::basic_string<wchar_t,std::char_traits<wchar_t>,std::allocator<wchar_t>>'
d:\dev\lmdbwindows\include\constants.h(33): warning C4251: 'Constants::VerbSetNode': class 'std::basic_string<wchar_t,std::char_traits<wchar_t>,std::allocator<wchar_t>>' needs to have dll-interface to be used by clients of class 'Constants'
  c:\program files (x86)\microsoft visual studio\2017\enterprise\vc\tools\msvc\14.16.27023\include\xstring(4374): note: see declaration of 'std::basic_string<wchar_t,std::char_traits<wchar_t>,std::allocator<wchar_t>>'
d:\dev\lmdbwindows\include\constants.h(34): warning C4251: 'Constants::VerbReleaseNode': class 'std::basic_string<wchar_t,std::char_traits<wchar_t>,std::allocator<wchar_t>>' needs to have dll-interface to be used by clients of class 'Constants'
  c:\program files (x86)\microsoft visual studio\2017\enterprise\vc\tools\msvc\14.16.27023\include\xstring(4374): note: see declaration of 'std::basic_string<wchar_t,std::char_traits<wchar_t>,std::allocator<wchar_t>>'
d:\dev\lmdbwindows\include\constants.h(35): warning C4251: 'Constants::VerbReleaseDB': class 'std::basic_string<wchar_t,std::char_traits<wchar_t>,std::allocator<wchar_t>>' needs to have dll-interface to be used by clients of class 'Constants'
  c:\program files (x86)\microsoft visual studio\2017\enterprise\vc\tools\msvc\14.16.27023\include\xstring(4374): note: see declaration of 'std::basic_string<wchar_t,std::char_traits<wchar_t>,std::allocator<wchar_t>>'
d:\dev\lmdbwindows\include\constants.h(36): warning C4251: 'Constants::LMDBRootPath': class 'std::basic_string<char,std::char_traits<char>,std::allocator<char>>' needs to have dll-interface to be used by clients of class 'Constants'
  c:\program files (x86)\microsoft visual studio\2017\enterprise\vc\tools\msvc\14.16.27023\include\xstring(4373): note: see declaration of 'std::basic_string<char,std::char_traits<char>,std::allocator<char>>'
d:\dev\lmdbwindows\include\constants.h(37): warning C4251: 'Constants::StatusOK': class 'std::basic_string<wchar_t,std::char_traits<wchar_t>,std::allocator<wchar_t>>' needs to have dll-interface to be used by clients of class 'Constants'
  c:\program files (x86)\microsoft visual studio\2017\enterprise\vc\tools\msvc\14.16.27023\include\xstring(4374): note: see declaration of 'std::basic_string<wchar_t,std::char_traits<wchar_t>,std::allocator<wchar_t>>'
d:\dev\lmdbwindows\include\constants.h(38): warning C4251: 'Constants::ModeMasterNode': class 'std::basic_string<wchar_t,std::char_traits<wchar_t>,std::allocator<wchar_t>>' needs to have dll-interface to be used by clients of class 'Constants'
  c:\program files (x86)\microsoft visual studio\2017\enterprise\vc\tools\msvc\14.16.27023\include\xstring(4374): note: see declaration of 'std::basic_string<wchar_t,std::char_traits<wchar_t>,std::allocator<wchar_t>>'
d:\dev\lmdbwindows\include\constants.h(39): warning C4251: 'Constants::ModeWorkerNode': class 'std::basic_string<wchar_t,std::char_traits<wchar_t>,std::allocator<wchar_t>>' needs to have dll-interface to be used by clients of class 'Constants'
  c:\program files (x86)\microsoft visual studio\2017\enterprise\vc\tools\msvc\14.16.27023\include\xstring(4374): note: see declaration of 'std::basic_string<wchar_t,std::char_traits<wchar_t>,std::allocator<wchar_t>>'
d:\dev\lmdbwindows\include\cwrapper.h(197): warning C4101: 'err': unreferenced local variable
d:\dev\lmdbwindows\include\logger.h(19): warning C4251: 'CLogger::_cs': class 'ATL::CCriticalSection' needs to have dll-interface to be used by clients of class 'CLogger'
  c:\program files (x86)\microsoft visual studio\2017\enterprise\vc\tools\msvc\14.16.27023\atlmfc\include\atlsync.h(29): note: see declaration of 'ATL::CCriticalSection'
d:\dev\lmdbwindows\include\basiclogger.h(19): warning C4251: 'BasicLogger::_cs': class 'ATL::CCriticalSection' needs to have dll-interface to be used by clients of class 'BasicLogger'
  c:\program files (x86)\microsoft visual studio\2017\enterprise\vc\tools\msvc\14.16.27023\atlmfc\include\atlsync.h(29): note: see declaration of 'ATL::CCriticalSection'
  WorkerNodeClient.cpp
d:\dev\lmdbwindows\include\constants.h(23): warning C4251: 'Constants::MasterNodePort': class 'std::basic_string<wchar_t,std::char_traits<wchar_t>,std::allocator<wchar_t>>' needs to have dll-interface to be used by clients of class 'Constants'
  c:\program files (x86)\microsoft visual studio\2017\enterprise\vc\tools\msvc\14.16.27023\include\xstring(4374): note: see declaration of 'std::basic_string<wchar_t,std::char_traits<wchar_t>,std::allocator<wchar_t>>'
d:\dev\lmdbwindows\include\constants.h(24): warning C4251: 'Constants::Request': class 'std::basic_string<wchar_t,std::char_traits<wchar_t>,std::allocator<wchar_t>>' needs to have dll-interface to be used by clients of class 'Constants'
  c:\program files (x86)\microsoft visual studio\2017\enterprise\vc\tools\msvc\14.16.27023\include\xstring(4374): note: see declaration of 'std::basic_string<wchar_t,std::char_traits<wchar_t>,std::allocator<wchar_t>>'
d:\dev\lmdbwindows\include\constants.h(25): warning C4251: 'Constants::VerbPing': class 'std::basic_string<wchar_t,std::char_traits<wchar_t>,std::allocator<wchar_t>>' needs to have dll-interface to be used by clients of class 'Constants'
  c:\program files (x86)\microsoft visual studio\2017\enterprise\vc\tools\msvc\14.16.27023\include\xstring(4374): note: see declaration of 'std::basic_string<wchar_t,std::char_traits<wchar_t>,std::allocator<wchar_t>>'
d:\dev\lmdbwindows\include\constants.h(26): warning C4251: 'Constants::VerbGetData': class 'std::basic_string<wchar_t,std::char_traits<wchar_t>,std::allocator<wchar_t>>' needs to have dll-interface to be used by clients of class 'Constants'
  c:\program files (x86)\microsoft visual studio\2017\enterprise\vc\tools\msvc\14.16.27023\include\xstring(4374): note: see declaration of 'std::basic_string<wchar_t,std::char_traits<wchar_t>,std::allocator<wchar_t>>'
d:\dev\lmdbwindows\include\constants.h(27): warning C4251: 'Constants::VerbSetData': class 'std::basic_string<wchar_t,std::char_traits<wchar_t>,std::allocator<wchar_t>>' needs to have dll-interface to be used by clients of class 'Constants'
  c:\program files (x86)\microsoft visual studio\2017\enterprise\vc\tools\msvc\14.16.27023\include\xstring(4374): note: see declaration of 'std::basic_string<wchar_t,std::char_traits<wchar_t>,std::allocator<wchar_t>>'
d:\dev\lmdbwindows\include\constants.h(28): warning C4251: 'Constants::VerbGetDataB64': class 'std::basic_string<wchar_t,std::char_traits<wchar_t>,std::allocator<wchar_t>>' needs to have dll-interface to be used by clients of class 'Constants'
  c:\program files (x86)\microsoft visual studio\2017\enterprise\vc\tools\msvc\14.16.27023\include\xstring(4374): note: see declaration of 'std::basic_string<wchar_t,std::char_traits<wchar_t>,std::allocator<wchar_t>>'
d:\dev\lmdbwindows\include\constants.h(29): warning C4251: 'Constants::VerbSetDataB64': class 'std::basic_string<wchar_t,std::char_traits<wchar_t>,std::allocator<wchar_t>>' needs to have dll-interface to be used by clients of class 'Constants'
  c:\program files (x86)\microsoft visual studio\2017\enterprise\vc\tools\msvc\14.16.27023\include\xstring(4374): note: see declaration of 'std::basic_string<wchar_t,std::char_traits<wchar_t>,std::allocator<wchar_t>>'
d:\dev\lmdbwindows\include\constants.h(30): warning C4251: 'Constants::VerbRegisterNode': class 'std::basic_string<wchar_t,std::char_traits<wchar_t>,std::allocator<wchar_t>>' needs to have dll-interface to be used by clients of class 'Constants'
  c:\program files (x86)\microsoft visual studio\2017\enterprise\vc\tools\msvc\14.16.27023\include\xstring(4374): note: see declaration of 'std::basic_string<wchar_t,std::char_traits<wchar_t>,std::allocator<wchar_t>>'
d:\dev\lmdbwindows\include\constants.h(31): warning C4251: 'Constants::VerbShowNodes': class 'std::basic_string<wchar_t,std::char_traits<wchar_t>,std::allocator<wchar_t>>' needs to have dll-interface to be used by clients of class 'Constants'
  c:\program files (x86)\microsoft visual studio\2017\enterprise\vc\tools\msvc\14.16.27023\include\xstring(4374): note: see declaration of 'std::basic_string<wchar_t,std::char_traits<wchar_t>,std::allocator<wchar_t>>'
d:\dev\lmdbwindows\include\constants.h(32): warning C4251: 'Constants::VerbGetNode': class 'std::basic_string<wchar_t,std::char_traits<wchar_t>,std::allocator<wchar_t>>' needs to have dll-interface to be used by clients of class 'Constants'
  c:\program files (x86)\microsoft visual studio\2017\enterprise\vc\tools\msvc\14.16.27023\include\xstring(4374): note: see declaration of 'std::basic_string<wchar_t,std::char_traits<wchar_t>,std::allocator<wchar_t>>'
d:\dev\lmdbwindows\include\constants.h(33): warning C4251: 'Constants::VerbSetNode': class 'std::basic_string<wchar_t,std::char_traits<wchar_t>,std::allocator<wchar_t>>' needs to have dll-interface to be used by clients of class 'Constants'
  c:\program files (x86)\microsoft visual studio\2017\enterprise\vc\tools\msvc\14.16.27023\include\xstring(4374): note: see declaration of 'std::basic_string<wchar_t,std::char_traits<wchar_t>,std::allocator<wchar_t>>'
d:\dev\lmdbwindows\include\constants.h(34): warning C4251: 'Constants::VerbReleaseNode': class 'std::basic_string<wchar_t,std::char_traits<wchar_t>,std::allocator<wchar_t>>' needs to have dll-interface to be used by clients of class 'Constants'
  c:\program files (x86)\microsoft visual studio\2017\enterprise\vc\tools\msvc\14.16.27023\include\xstring(4374): note: see declaration of 'std::basic_string<wchar_t,std::char_traits<wchar_t>,std::allocator<wchar_t>>'
d:\dev\lmdbwindows\include\constants.h(35): warning C4251: 'Constants::VerbReleaseDB': class 'std::basic_string<wchar_t,std::char_traits<wchar_t>,std::allocator<wchar_t>>' needs to have dll-interface to be used by clients of class 'Constants'
  c:\program files (x86)\microsoft visual studio\2017\enterprise\vc\tools\msvc\14.16.27023\include\xstring(4374): note: see declaration of 'std::basic_string<wchar_t,std::char_traits<wchar_t>,std::allocator<wchar_t>>'
d:\dev\lmdbwindows\include\constants.h(36): warning C4251: 'Constants::LMDBRootPath': class 'std::basic_string<char,std::char_traits<char>,std::allocator<char>>' needs to have dll-interface to be used by clients of class 'Constants'
  c:\program files (x86)\microsoft visual studio\2017\enterprise\vc\tools\msvc\14.16.27023\include\xstring(4373): note: see declaration of 'std::basic_string<char,std::char_traits<char>,std::allocator<char>>'
d:\dev\lmdbwindows\include\constants.h(37): warning C4251: 'Constants::StatusOK': class 'std::basic_string<wchar_t,std::char_traits<wchar_t>,std::allocator<wchar_t>>' needs to have dll-interface to be used by clients of class 'Constants'
  c:\program files (x86)\microsoft visual studio\2017\enterprise\vc\tools\msvc\14.16.27023\include\xstring(4374): note: see declaration of 'std::basic_string<wchar_t,std::char_traits<wchar_t>,std::allocator<wchar_t>>'
d:\dev\lmdbwindows\include\constants.h(38): warning C4251: 'Constants::ModeMasterNode': class 'std::basic_string<wchar_t,std::char_traits<wchar_t>,std::allocator<wchar_t>>' needs to have dll-interface to be used by clients of class 'Constants'
  c:\program files (x86)\microsoft visual studio\2017\enterprise\vc\tools\msvc\14.16.27023\include\xstring(4374): note: see declaration of 'std::basic_string<wchar_t,std::char_traits<wchar_t>,std::allocator<wchar_t>>'
d:\dev\lmdbwindows\include\constants.h(39): warning C4251: 'Constants::ModeWorkerNode': class 'std::basic_string<wchar_t,std::char_traits<wchar_t>,std::allocator<wchar_t>>' needs to have dll-interface to be used by clients of class 'Constants'
  c:\program files (x86)\microsoft visual studio\2017\enterprise\vc\tools\msvc\14.16.27023\include\xstring(4374): note: see declaration of 'std::basic_string<wchar_t,std::char_traits<wchar_t>,std::allocator<wchar_t>>'
d:\dev\lmdbwindows\include\cwrapper.h(197): warning C4101: 'err': unreferenced local variable
d:\dev\lmdbwindows\include\logger.h(19): warning C4251: 'CLogger::_cs': class 'ATL::CCriticalSection' needs to have dll-interface to be used by clients of class 'CLogger'
  c:\program files (x86)\microsoft visual studio\2017\enterprise\vc\tools\msvc\14.16.27023\atlmfc\include\atlsync.h(29): note: see declaration of 'ATL::CCriticalSection'
d:\dev\lmdbwindows\include\basiclogger.h(19): warning C4251: 'BasicLogger::_cs': class 'ATL::CCriticalSection' needs to have dll-interface to be used by clients of class 'BasicLogger'
  c:\program files (x86)\microsoft visual studio\2017\enterprise\vc\tools\msvc\14.16.27023\atlmfc\include\atlsync.h(29): note: see declaration of 'ATL::CCriticalSection'
d:\dev\lmdbwindows\myserver\workernodeclient.cpp(173): warning C4996: 'strcpy': This function or variable may be unsafe. Consider using strcpy_s instead. To disable deprecation, use _CRT_SECURE_NO_WARNINGS. See online help for details.
  c:\program files (x86)\windows kits\10\include\10.0.16299.0\ucrt\string.h(132): note: see declaration of 'strcpy'
  stdafx.cpp
d:\dev\lmdbwindows\include\constants.h(23): warning C4251: 'Constants::MasterNodePort': class 'std::basic_string<wchar_t,std::char_traits<wchar_t>,std::allocator<wchar_t>>' needs to have dll-interface to be used by clients of class 'Constants'
  c:\program files (x86)\microsoft visual studio\2017\enterprise\vc\tools\msvc\14.16.27023\include\xstring(4374): note: see declaration of 'std::basic_string<wchar_t,std::char_traits<wchar_t>,std::allocator<wchar_t>>'
d:\dev\lmdbwindows\include\constants.h(24): warning C4251: 'Constants::Request': class 'std::basic_string<wchar_t,std::char_traits<wchar_t>,std::allocator<wchar_t>>' needs to have dll-interface to be used by clients of class 'Constants'
  c:\program files (x86)\microsoft visual studio\2017\enterprise\vc\tools\msvc\14.16.27023\include\xstring(4374): note: see declaration of 'std::basic_string<wchar_t,std::char_traits<wchar_t>,std::allocator<wchar_t>>'
d:\dev\lmdbwindows\include\constants.h(25): warning C4251: 'Constants::VerbPing': class 'std::basic_string<wchar_t,std::char_traits<wchar_t>,std::allocator<wchar_t>>' needs to have dll-interface to be used by clients of class 'Constants'
  c:\program files (x86)\microsoft visual studio\2017\enterprise\vc\tools\msvc\14.16.27023\include\xstring(4374): note: see declaration of 'std::basic_string<wchar_t,std::char_traits<wchar_t>,std::allocator<wchar_t>>'
d:\dev\lmdbwindows\include\constants.h(26): warning C4251: 'Constants::VerbGetData': class 'std::basic_string<wchar_t,std::char_traits<wchar_t>,std::allocator<wchar_t>>' needs to have dll-interface to be used by clients of class 'Constants'
  c:\program files (x86)\microsoft visual studio\2017\enterprise\vc\tools\msvc\14.16.27023\include\xstring(4374): note: see declaration of 'std::basic_string<wchar_t,std::char_traits<wchar_t>,std::allocator<wchar_t>>'
d:\dev\lmdbwindows\include\constants.h(27): warning C4251: 'Constants::VerbSetData': class 'std::basic_string<wchar_t,std::char_traits<wchar_t>,std::allocator<wchar_t>>' needs to have dll-interface to be used by clients of class 'Constants'
  c:\program files (x86)\microsoft visual studio\2017\enterprise\vc\tools\msvc\14.16.27023\include\xstring(4374): note: see declaration of 'std::basic_string<wchar_t,std::char_traits<wchar_t>,std::allocator<wchar_t>>'
d:\dev\lmdbwindows\include\constants.h(28): warning C4251: 'Constants::VerbGetDataB64': class 'std::basic_string<wchar_t,std::char_traits<wchar_t>,std::allocator<wchar_t>>' needs to have dll-interface to be used by clients of class 'Constants'
  c:\program files (x86)\microsoft visual studio\2017\enterprise\vc\tools\msvc\14.16.27023\include\xstring(4374): note: see declaration of 'std::basic_string<wchar_t,std::char_traits<wchar_t>,std::allocator<wchar_t>>'
d:\dev\lmdbwindows\include\constants.h(29): warning C4251: 'Constants::VerbSetDataB64': class 'std::basic_string<wchar_t,std::char_traits<wchar_t>,std::allocator<wchar_t>>' needs to have dll-interface to be used by clients of class 'Constants'
  c:\program files (x86)\microsoft visual studio\2017\enterprise\vc\tools\msvc\14.16.27023\include\xstring(4374): note: see declaration of 'std::basic_string<wchar_t,std::char_traits<wchar_t>,std::allocator<wchar_t>>'
d:\dev\lmdbwindows\include\constants.h(30): warning C4251: 'Constants::VerbRegisterNode': class 'std::basic_string<wchar_t,std::char_traits<wchar_t>,std::allocator<wchar_t>>' needs to have dll-interface to be used by clients of class 'Constants'
  c:\program files (x86)\microsoft visual studio\2017\enterprise\vc\tools\msvc\14.16.27023\include\xstring(4374): note: see declaration of 'std::basic_string<wchar_t,std::char_traits<wchar_t>,std::allocator<wchar_t>>'
d:\dev\lmdbwindows\include\constants.h(31): warning C4251: 'Constants::VerbShowNodes': class 'std::basic_string<wchar_t,std::char_traits<wchar_t>,std::allocator<wchar_t>>' needs to have dll-interface to be used by clients of class 'Constants'
  c:\program files (x86)\microsoft visual studio\2017\enterprise\vc\tools\msvc\14.16.27023\include\xstring(4374): note: see declaration of 'std::basic_string<wchar_t,std::char_traits<wchar_t>,std::allocator<wchar_t>>'
d:\dev\lmdbwindows\include\constants.h(32): warning C4251: 'Constants::VerbGetNode': class 'std::basic_string<wchar_t,std::char_traits<wchar_t>,std::allocator<wchar_t>>' needs to have dll-interface to be used by clients of class 'Constants'
  c:\program files (x86)\microsoft visual studio\2017\enterprise\vc\tools\msvc\14.16.27023\include\xstring(4374): note: see declaration of 'std::basic_string<wchar_t,std::char_traits<wchar_t>,std::allocator<wchar_t>>'
d:\dev\lmdbwindows\include\constants.h(33): warning C4251: 'Constants::VerbSetNode': class 'std::basic_string<wchar_t,std::char_traits<wchar_t>,std::allocator<wchar_t>>' needs to have dll-interface to be used by clients of class 'Constants'
  c:\program files (x86)\microsoft visual studio\2017\enterprise\vc\tools\msvc\14.16.27023\include\xstring(4374): note: see declaration of 'std::basic_string<wchar_t,std::char_traits<wchar_t>,std::allocator<wchar_t>>'
d:\dev\lmdbwindows\include\constants.h(34): warning C4251: 'Constants::VerbReleaseNode': class 'std::basic_string<wchar_t,std::char_traits<wchar_t>,std::allocator<wchar_t>>' needs to have dll-interface to be used by clients of class 'Constants'
  c:\program files (x86)\microsoft visual studio\2017\enterprise\vc\tools\msvc\14.16.27023\include\xstring(4374): note: see declaration of 'std::basic_string<wchar_t,std::char_traits<wchar_t>,std::allocator<wchar_t>>'
d:\dev\lmdbwindows\include\constants.h(35): warning C4251: 'Constants::VerbReleaseDB': class 'std::basic_string<wchar_t,std::char_traits<wchar_t>,std::allocator<wchar_t>>' needs to have dll-interface to be used by clients of class 'Constants'
  c:\program files (x86)\microsoft visual studio\2017\enterprise\vc\tools\msvc\14.16.27023\include\xstring(4374): note: see declaration of 'std::basic_string<wchar_t,std::char_traits<wchar_t>,std::allocator<wchar_t>>'
d:\dev\lmdbwindows\include\constants.h(36): warning C4251: 'Constants::LMDBRootPath': class 'std::basic_string<char,std::char_traits<char>,std::allocator<char>>' needs to have dll-interface to be used by clients of class 'Constants'
  c:\program files (x86)\microsoft visual studio\2017\enterprise\vc\tools\msvc\14.16.27023\include\xstring(4373): note: see declaration of 'std::basic_string<char,std::char_traits<char>,std::allocator<char>>'
d:\dev\lmdbwindows\include\constants.h(37): warning C4251: 'Constants::StatusOK': class 'std::basic_string<wchar_t,std::char_traits<wchar_t>,std::allocator<wchar_t>>' needs to have dll-interface to be used by clients of class 'Constants'
  c:\program files (x86)\microsoft visual studio\2017\enterprise\vc\tools\msvc\14.16.27023\include\xstring(4374): note: see declaration of 'std::basic_string<wchar_t,std::char_traits<wchar_t>,std::allocator<wchar_t>>'
d:\dev\lmdbwindows\include\constants.h(38): warning C4251: 'Constants::ModeMasterNode': class 'std::basic_string<wchar_t,std::char_traits<wchar_t>,std::allocator<wchar_t>>' needs to have dll-interface to be used by clients of class 'Constants'
  c:\program files (x86)\microsoft visual studio\2017\enterprise\vc\tools\msvc\14.16.27023\include\xstring(4374): note: see declaration of 'std::basic_string<wchar_t,std::char_traits<wchar_t>,std::allocator<wchar_t>>'
d:\dev\lmdbwindows\include\constants.h(39): warning C4251: 'Constants::ModeWorkerNode': class 'std::basic_string<wchar_t,std::char_traits<wchar_t>,std::allocator<wchar_t>>' needs to have dll-interface to be used by clients of class 'Constants'
  c:\program files (x86)\microsoft visual studio\2017\enterprise\vc\tools\msvc\14.16.27023\include\xstring(4374): note: see declaration of 'std::basic_string<wchar_t,std::char_traits<wchar_t>,std::allocator<wchar_t>>'
d:\dev\lmdbwindows\include\cwrapper.h(197): warning C4101: 'err': unreferenced local variable
d:\dev\lmdbwindows\include\logger.h(19): warning C4251: 'CLogger::_cs': class 'ATL::CCriticalSection' needs to have dll-interface to be used by clients of class 'CLogger'
  c:\program files (x86)\microsoft visual studio\2017\enterprise\vc\tools\msvc\14.16.27023\atlmfc\include\atlsync.h(29): note: see declaration of 'ATL::CCriticalSection'
d:\dev\lmdbwindows\include\basiclogger.h(19): warning C4251: 'BasicLogger::_cs': class 'ATL::CCriticalSection' needs to have dll-interface to be used by clients of class 'BasicLogger'
  c:\program files (x86)\microsoft visual studio\2017\enterprise\vc\tools\msvc\14.16.27023\atlmfc\include\atlsync.h(29): note: see declaration of 'ATL::CCriticalSection'
Main.obj : error LNK2001: unresolved external symbol "__declspec(dllimport) public: void __cdecl BasicLogger::WriteLog(wchar_t const *)" (__imp_?WriteLog@BasicLogger@@QEAAXPEB_W@Z)
Main.obj : error LNK2001: unresolved external symbol "__declspec(dllimport) public: bool __cdecl BasicLogger::Init(wchar_t *)" (__imp_?Init@BasicLogger@@QEAA_NPEA_W@Z)
Main.obj : error LNK2001: unresolved external symbol "__declspec(dllimport) public: virtual __cdecl BasicLogger::~BasicLogger(void)" (__imp_??1BasicLogger@@UEAA@XZ)
Main.obj : error LNK2001: unresolved external symbol "__declspec(dllimport) public: __cdecl BasicLogger::BasicLogger(void)" (__imp_??0BasicLogger@@QEAA@XZ)
D:\Dev\LMDBWindows\LMDBWindows\x64\Release\MyServer.exe : fatal error LNK1120: 4 unresolved externals
